[debug] [2021-05-11T20:36:52.806Z] ----------------------------------------------------------------------
[debug] [2021-05-11T20:36:52.811Z] Command:       C:\Program Files\nodejs\node.exe C:\Users\hasee\AppData\Roaming\npm\node_modules\firebase-tools\lib\bin\firebase.js deploy
[debug] [2021-05-11T20:36:52.812Z] CLI Version:   9.10.2
[debug] [2021-05-11T20:36:52.812Z] Platform:      win32
[debug] [2021-05-11T20:36:52.813Z] Node Version:  v15.14.0
[debug] [2021-05-11T20:36:52.814Z] Time:          Wed May 12 2021 01:36:52 GMT+0500 (Pakistan Standard Time)
[debug] [2021-05-11T20:36:52.815Z] ----------------------------------------------------------------------
[debug] 
[debug] [2021-05-11T20:36:52.841Z] > command requires scopes: ["email","openid","https://www.googleapis.com/auth/cloudplatformprojects.readonly","https://www.googleapis.com/auth/firebase","https://www.googleapis.com/auth/cloud-platform"]
[debug] [2021-05-11T20:36:52.842Z] > authorizing via signed-in user (usmanasif192@gmail.com)
[debug] [2021-05-11T20:36:52.843Z] [iam] checking project usman-portfolio-40a38 for permissions ["datastore.indexes.create","datastore.indexes.delete","datastore.indexes.list","datastore.indexes.update","firebase.projects.get","firebasehosting.sites.update"]
[debug] [2021-05-11T20:36:52.852Z] >>> HTTP REQUEST POST https://cloudresourcemanager.googleapis.com/v1/projects/usman-portfolio-40a38:testIamPermissions  
 {"permissions":["datastore.indexes.create","datastore.indexes.delete","datastore.indexes.list","datastore.indexes.update","firebase.projects.get","firebasehosting.sites.update"]}
[debug] [2021-05-11T20:36:54.840Z] <<< HTTP RESPONSE 200 {"content-type":"application/json; charset=UTF-8","vary":"X-Origin, Referer, Origin,Accept-Encoding","date":"Tue, 11 May 2021 20:36:55 GMT","server":"ESF","cache-control":"private","x-xss-protection":"0","x-frame-options":"SAMEORIGIN","x-content-type-options":"nosniff","server-timing":"gfet4t7; dur=1157","alt-svc":"h3-29=\":443\"; ma=2592000,h3-T051=\":443\"; ma=2592000,h3-Q050=\":443\"; ma=2592000,h3-Q046=\":443\"; ma=2592000,h3-Q043=\":443\"; ma=2592000,quic=\":443\"; ma=2592000; v=\"46,43\"","accept-ranges":"none","transfer-encoding":"chunked"}
[debug] [2021-05-11T20:36:54.846Z] > refreshing access token with scopes: []
[debug] [2021-05-11T20:36:54.846Z] >>> HTTP REQUEST POST https://www.googleapis.com/oauth2/v3/token  
 <request body omitted>
[debug] [2021-05-11T20:36:55.272Z] <<< HTTP RESPONSE 200 {"expires":"Mon, 01 Jan 1990 00:00:00 GMT","date":"Tue, 11 May 2021 20:36:56 GMT","pragma":"no-cache","cache-control":"no-cache, no-store, max-age=0, must-revalidate","content-type":"application/json; charset=utf-8","vary":"X-Origin, Referer, Origin,Accept-Encoding","server":"scaffolding on HTTPServer2","x-xss-protection":"0","x-frame-options":"SAMEORIGIN","x-content-type-options":"nosniff","alt-svc":"h3-29=\":443\"; ma=2592000,h3-T051=\":443\"; ma=2592000,h3-Q050=\":443\"; ma=2592000,h3-Q046=\":443\"; ma=2592000,h3-Q043=\":443\"; ma=2592000,quic=\":443\"; ma=2592000; v=\"46,43\"","accept-ranges":"none","transfer-encoding":"chunked"}
[debug] [2021-05-11T20:36:55.309Z] >>> [apiv2][query] GET https://firebase.googleapis.com/v1beta1/projects/usman-portfolio-40a38 [none]
[debug] [2021-05-11T20:36:55.873Z] <<< [apiv2][status] GET https://firebase.googleapis.com/v1beta1/projects/usman-portfolio-40a38 200
[debug] [2021-05-11T20:36:55.874Z] <<< [apiv2][body] GET https://firebase.googleapis.com/v1beta1/projects/usman-portfolio-40a38 {"projectId":"usman-portfolio-40a38","projectNumber":"867558562604","displayName":"Usman Portfolio","name":"projects/usman-portfolio-40a38","resources":{"hostingSite":"usman-portfolio-40a38","realtimeDatabaseInstance":"usman-portfolio-40a38-default-rtdb","storageBucket":"usman-portfolio-40a38.appspot.com","locationId":"us-central"},"state":"ACTIVE"}
[info] 
[info] === Deploying to 'usman-portfolio-40a38'...
[info] 
[info] i  deploying firestore, hosting 
[info] i  firestore: reading indexes from firestore.indexes.json... 
[info] i  cloud.firestore: checking firestore.rules for compilation errors... 
[debug] [2021-05-11T20:36:55.894Z] > refreshing access token with scopes: ["email","https://www.googleapis.com/auth/cloud-platform","https://www.googleapis.com/auth/cloudplatformprojects.readonly","https://www.googleapis.com/auth/firebase","openid"]
[debug] [2021-05-11T20:36:55.902Z] >>> HTTP REQUEST POST https://www.googleapis.com/oauth2/v3/token  
 <request body omitted>
[debug] [2021-05-11T20:36:56.349Z] <<< HTTP RESPONSE 200 {"expires":"Mon, 01 Jan 1990 00:00:00 GMT","date":"Tue, 11 May 2021 20:36:57 GMT","pragma":"no-cache","cache-control":"no-cache, no-store, max-age=0, must-revalidate","content-type":"application/json; charset=utf-8","vary":"X-Origin, Referer, Origin,Accept-Encoding","server":"scaffolding on HTTPServer2","x-xss-protection":"0","x-frame-options":"SAMEORIGIN","x-content-type-options":"nosniff","alt-svc":"h3-29=\":443\"; ma=2592000,h3-T051=\":443\"; ma=2592000,h3-Q050=\":443\"; ma=2592000,h3-Q046=\":443\"; ma=2592000,h3-Q043=\":443\"; ma=2592000,quic=\":443\"; ma=2592000; v=\"46,43\"","accept-ranges":"none","transfer-encoding":"chunked"}
[debug] [2021-05-11T20:36:56.369Z] >>> HTTP REQUEST POST https://firebaserules.googleapis.com/v1/projects/usman-portfolio-40a38:test  
 {"source":{"files":[{"name":"firestore.rules","content":"rules_version = '2';\nservice cloud.firestore {\n  match /databases/{database}/documents {\n    match /{document=**} {\n      allow read, write: if false;\n    }\n  }\n}"}]}}
[debug] [2021-05-11T20:36:57.550Z] <<< HTTP RESPONSE 200 {"content-type":"application/json; charset=UTF-8","vary":"X-Origin, Referer, Origin,Accept-Encoding","date":"Tue, 11 May 2021 20:36:58 GMT","server":"ESF","cache-control":"private","x-xss-protection":"0","x-frame-options":"SAMEORIGIN","x-content-type-options":"nosniff","alt-svc":"h3-29=\":443\"; ma=2592000,h3-T051=\":443\"; ma=2592000,h3-Q050=\":443\"; ma=2592000,h3-Q046=\":443\"; ma=2592000,h3-Q043=\":443\"; ma=2592000,quic=\":443\"; ma=2592000; v=\"46,43\"","accept-ranges":"none","transfer-encoding":"chunked"}
[info] +  cloud.firestore: rules file firestore.rules compiled successfully 
[debug] [2021-05-11T20:36:57.558Z] >>> HTTP REQUEST POST https://firebasehosting.googleapis.com/v1beta1/sites/usman-portfolio-40a38/versions  
 {"config":{},"labels":{"deployment-tool":"cli-firebase"}}
[debug] [2021-05-11T20:36:59.672Z] <<< HTTP RESPONSE 200 {"content-type":"application/json; charset=UTF-8","vary":"X-Origin, Referer, Origin,Accept-Encoding","date":"Tue, 11 May 2021 20:37:00 GMT","server":"ESF","cache-control":"private","x-xss-protection":"0","x-frame-options":"SAMEORIGIN","x-content-type-options":"nosniff","alt-svc":"h3-29=\":443\"; ma=2592000,h3-T051=\":443\"; ma=2592000,h3-Q050=\":443\"; ma=2592000,h3-Q046=\":443\"; ma=2592000,h3-Q043=\":443\"; ma=2592000,quic=\":443\"; ma=2592000; v=\"46,43\"","accept-ranges":"none","transfer-encoding":"chunked"}
[debug] [2021-05-11T20:36:59.677Z] >>> HTTP REQUEST GET https://firebaserules.googleapis.com/v1/projects/usman-portfolio-40a38/releases?pageSize=10&pageToken=  
 
[debug] [2021-05-11T20:36:59.678Z] >>> HTTP REQUEST GET https://firestore.googleapis.com/v1/projects/usman-portfolio-40a38/databases/(default)/collectionGroups/-/indexes  
 
[debug] [2021-05-11T20:37:00.674Z] <<< HTTP RESPONSE 200 {"content-type":"application/json; charset=UTF-8","vary":"X-Origin, Referer, Origin,Accept-Encoding","date":"Tue, 11 May 2021 20:37:01 GMT","server":"ESF","cache-control":"private","x-xss-protection":"0","x-frame-options":"SAMEORIGIN","x-content-type-options":"nosniff","alt-svc":"h3-29=\":443\"; ma=2592000,h3-T051=\":443\"; ma=2592000,h3-Q050=\":443\"; ma=2592000,h3-Q046=\":443\"; ma=2592000,h3-Q043=\":443\"; ma=2592000,quic=\":443\"; ma=2592000; v=\"46,43\"","accept-ranges":"none","transfer-encoding":"chunked"}
[debug] [2021-05-11T20:37:00.677Z] >>> HTTP REQUEST GET https://firebaserules.googleapis.com/v1/projects/usman-portfolio-40a38/rulesets/cb08c3c3-2886-4874-af7a-10e2310102f6  
 
[debug] [2021-05-11T20:37:01.544Z] <<< HTTP RESPONSE 200 {"content-type":"application/json; charset=UTF-8","vary":"X-Origin, Referer, Origin,Accept-Encoding","date":"Tue, 11 May 2021 20:37:02 GMT","server":"ESF","cache-control":"private","x-xss-protection":"0","x-frame-options":"SAMEORIGIN","x-content-type-options":"nosniff","alt-svc":"h3-29=\":443\"; ma=2592000,h3-T051=\":443\"; ma=2592000,h3-Q050=\":443\"; ma=2592000,h3-Q046=\":443\"; ma=2592000,h3-Q043=\":443\"; ma=2592000,quic=\":443\"; ma=2592000; v=\"46,43\"","accept-ranges":"none","transfer-encoding":"chunked"}
[debug] [2021-05-11T20:37:01.546Z] >>> HTTP REQUEST GET https://firestore.googleapis.com/v1/projects/usman-portfolio-40a38/databases/(default)/collectionGroups/-/fields?filter=indexConfig.usesAncestorConfig=false  
 
[debug] [2021-05-11T20:37:01.738Z] <<< HTTP RESPONSE 200 {"content-type":"application/json; charset=UTF-8","vary":"X-Origin, Referer, Origin,Accept-Encoding","date":"Tue, 11 May 2021 20:37:02 GMT","server":"ESF","cache-control":"private","x-xss-protection":"0","x-frame-options":"SAMEORIGIN","x-content-type-options":"nosniff","alt-svc":"h3-29=\":443\"; ma=2592000,h3-T051=\":443\"; ma=2592000,h3-Q050=\":443\"; ma=2592000,h3-Q046=\":443\"; ma=2592000,h3-Q043=\":443\"; ma=2592000,quic=\":443\"; ma=2592000; v=\"46,43\"","accept-ranges":"none","transfer-encoding":"chunked"}
[info] i  firestore: latest version of firestore.rules already up to date, skipping upload... 
[debug] [2021-05-11T20:37:03.383Z] <<< HTTP RESPONSE 200 {"content-type":"application/json; charset=UTF-8","vary":"X-Origin, Referer, Origin,Accept-Encoding","date":"Tue, 11 May 2021 20:37:03 GMT","server":"ESF","cache-control":"private","x-xss-protection":"0","x-frame-options":"SAMEORIGIN","x-content-type-options":"nosniff","alt-svc":"h3-29=\":443\"; ma=2592000,h3-T051=\":443\"; ma=2592000,h3-Q050=\":443\"; ma=2592000,h3-Q046=\":443\"; ma=2592000,h3-Q043=\":443\"; ma=2592000,quic=\":443\"; ma=2592000; v=\"46,43\"","accept-ranges":"none","transfer-encoding":"chunked"}
[info] +  firestore: deployed indexes in firestore.indexes.json successfully 
[info] i  hosting[usman-portfolio-40a38]: beginning deploy... 
[debug] [2021-05-11T20:37:03.455Z] Error: EPERM: operation not permitted, scandir 'D:/Desktop/Usman Portfolio/public/firebase-debug.log'
    at Object.readdirSync (node:fs:1057:3)
    at GlobSync._readdir (C:\Users\hasee\AppData\Roaming\npm\node_modules\firebase-tools\node_modules\glob\sync.js:286:41)
    at GlobSync._readdirInGlobStar (C:\Users\hasee\AppData\Roaming\npm\node_modules\firebase-tools\node_modules\glob\sync.js:243:17)
    at GlobSync._readdir (C:\Users\hasee\AppData\Roaming\npm\node_modules\firebase-tools\node_modules\glob\sync.js:274:17)
    at GlobSync._processReaddir (C:\Users\hasee\AppData\Roaming\npm\node_modules\firebase-tools\node_modules\glob\sync.js:135:22)
    at GlobSync._process (C:\Users\hasee\AppData\Roaming\npm\node_modules\firebase-tools\node_modules\glob\sync.js:130:10)
    at GlobSync._processGlobStar (C:\Users\hasee\AppData\Roaming\npm\node_modules\firebase-tools\node_modules\glob\sync.js:378:10)
    at GlobSync._process (C:\Users\hasee\AppData\Roaming\npm\node_modules\firebase-tools\node_modules\glob\sync.js:128:10)
    at new GlobSync (C:\Users\hasee\AppData\Roaming\npm\node_modules\firebase-tools\node_modules\glob\sync.js:46:10)
    at Function.globSync [as sync] (C:\Users\hasee\AppData\Roaming\npm\node_modules\firebase-tools\node_modules\glob\sync.js:24:10)
    at listFiles (C:\Users\hasee\AppData\Roaming\npm\node_modules\firebase-tools\lib\listFiles.js:6:19)
    at _runDeploys (C:\Users\hasee\AppData\Roaming\npm\node_modules\firebase-tools\lib\deploy\hosting\deploy.js:31:23)
    at module.exports (C:\Users\hasee\AppData\Roaming\npm\node_modules\firebase-tools\lib\deploy\hosting\deploy.js:67:12)
    at _chain (C:\Users\hasee\AppData\Roaming\npm\node_modules\firebase-tools\lib\deploy\index.js:23:40)
    at C:\Users\hasee\AppData\Roaming\npm\node_modules\firebase-tools\lib\deploy\index.js:26:20
    at processTicksAndRejections (node:internal/process/task_queues:94:5)
[error] 
[error] Error: An unexpected error has occurred.
